<?xml version="1.0" encoding="UTF-8"?>
<!-- Generated by org.testng.reporters.JUnitReportReporter -->
<testsuite skipped="0" hostname="MYPC-PC" name="suiteWithXmlData.ParametersUsingXml" tests="3" failures="0" timestamp="18 Aug 2021 11:27:24 GMT" time="72.483" errors="1">
  <testcase name="fillTheSignUpDetails" time="0.000" classname="suiteWithXmlData.ParametersUsingXml">
    <error type="org.testng.TestNGException" message="
Parameter &#039;lastName&#039; is required by @Test on method fillTheSignUpDetails but has not been marked @Optional or defined
in C:\Users\MYPC\AppData\Local\Temp\testng-eclipse-1552479936\testng-customsuite.xml">
      <![CDATA[org.testng.TestNGException: 
Parameter 'lastName' is required by @Test on method fillTheSignUpDetails but has not been marked @Optional or defined
in C:\Users\MYPC\AppData\Local\Temp\testng-eclipse-1552479936\testng-customsuite.xml
at org.testng.internal.Parameters.createParams(Parameters.java:290)
at org.testng.internal.Parameters.createParametersForMethod(Parameters.java:359)
at org.testng.internal.Parameters.createParameters(Parameters.java:620)
at org.testng.internal.Parameters.handleParameters(Parameters.java:769)
at org.testng.internal.ParameterHandler.handleParameters(ParameterHandler.java:49)
at org.testng.internal.ParameterHandler.createParameters(ParameterHandler.java:37)
at org.testng.internal.Invoker.invokeTestMethods(Invoker.java:924)
at org.testng.internal.TestMethodWorker.invokeTestMethods(TestMethodWorker.java:125)
at org.testng.internal.TestMethodWorker.run(TestMethodWorker.java:109)
at org.testng.TestRunner.privateRun(TestRunner.java:648)
at org.testng.TestRunner.run(TestRunner.java:505)
at org.testng.SuiteRunner.runTest(SuiteRunner.java:455)
at org.testng.SuiteRunner.runSequentially(SuiteRunner.java:450)
at org.testng.SuiteRunner.privateRun(SuiteRunner.java:415)
at org.testng.SuiteRunner.run(SuiteRunner.java:364)
at org.testng.SuiteRunnerWorker.runSuite(SuiteRunnerWorker.java:52)
at org.testng.SuiteRunnerWorker.run(SuiteRunnerWorker.java:84)
at org.testng.TestNG.runSuitesSequentially(TestNG.java:1208)
at org.testng.TestNG.runSuitesLocally(TestNG.java:1137)
at org.testng.TestNG.runSuites(TestNG.java:1049)
at org.testng.TestNG.run(TestNG.java:1017)
at org.testng.remote.AbstractRemoteTestNG.run(AbstractRemoteTestNG.java:132)
at org.testng.remote.RemoteTestNG.initAndRun(RemoteTestNG.java:230)
at org.testng.remote.RemoteTestNG.main(RemoteTestNG.java:76)
]]>
    </error>
  </testcase> <!-- fillTheSignUpDetails -->
  <testcase name="launchUrl" time="70.778" classname="suiteWithXmlData.ParametersUsingXml"/>
  <testcase name="signUp" time="1.705" classname="suiteWithXmlData.ParametersUsingXml"/>
</testsuite> <!-- suiteWithXmlData.ParametersUsingXml -->
